-------------------------------------------------------------------------------
Test set: de.uniheidelberg.cl.a10.data2.alignment.io.test.TestDBAlignmentIO
-------------------------------------------------------------------------------
Tests run: 1, Failures: 0, Errors: 1, Skipped: 0, Time elapsed: 0.71 sec <<< FAILURE!
test(de.uniheidelberg.cl.a10.data2.alignment.io.test.TestDBAlignmentIO)  Time elapsed: 0.707 sec  <<< ERROR!
java.io.IOException: com.mysql.jdbc.exceptions.jdbc4.MySQLSyntaxErrorException: Table 'documents.testdocuments' doesn't exist
	at de.uniheidelberg.cl.a10.data2.io.DBDocument.getXMLStreamForId(DBDocument.java:46)
	at de.uniheidelberg.cl.a10.io.DatabaseDocumentStreamProvider.findStreamFor(DatabaseDocumentStreamProvider.java:21)
	at de.uniheidelberg.cl.a10.io.AbstractLinkedXMLReader.getRitualDocument(AbstractLinkedXMLReader.java:47)
	at de.uniheidelberg.cl.a10.data2.alignment.io.AlignmentReader.read(AlignmentReader.java:46)
	at de.uniheidelberg.cl.a10.data2.alignment.io.AlignmentReader.read(AlignmentReader.java:27)
	at de.uniheidelberg.cl.a10.io.AbstractXMLReader.read(AbstractXMLReader.java:37)
	at de.uniheidelberg.cl.a10.io.AbstractXMLReader.read(AbstractXMLReader.java:21)
	at de.uniheidelberg.cl.a10.data2.alignment.io.DBAlignmentReader.read(DBAlignmentReader.java:39)
	at de.uniheidelberg.cl.a10.data2.alignment.io.test.TestDBAlignmentIO.test(TestDBAlignmentIO.java:48)
	at sun.reflect.NativeMethodAccessorImpl.invoke0(Native Method)
	at sun.reflect.NativeMethodAccessorImpl.invoke(NativeMethodAccessorImpl.java:62)
	at sun.reflect.DelegatingMethodAccessorImpl.invoke(DelegatingMethodAccessorImpl.java:43)
	at java.lang.reflect.Method.invoke(Method.java:483)
	at org.junit.runners.model.FrameworkMethod$1.runReflectiveCall(FrameworkMethod.java:47)
	at org.junit.internal.runners.model.ReflectiveCallable.run(ReflectiveCallable.java:12)
	at org.junit.runners.model.FrameworkMethod.invokeExplosively(FrameworkMethod.java:44)
	at org.junit.internal.runners.statements.InvokeMethod.evaluate(InvokeMethod.java:17)
	at org.junit.internal.runners.statements.RunBefores.evaluate(RunBefores.java:26)
	at org.junit.runners.ParentRunner.runLeaf(ParentRunner.java:271)
	at org.junit.runners.BlockJUnit4ClassRunner.runChild(BlockJUnit4ClassRunner.java:70)
	at org.junit.runners.BlockJUnit4ClassRunner.runChild(BlockJUnit4ClassRunner.java:50)
	at org.junit.runners.ParentRunner$3.run(ParentRunner.java:238)
	at org.junit.runners.ParentRunner$1.schedule(ParentRunner.java:63)
	at org.junit.runners.ParentRunner.runChildren(ParentRunner.java:236)
	at org.junit.runners.ParentRunner.access$000(ParentRunner.java:53)
	at org.junit.runners.ParentRunner$2.evaluate(ParentRunner.java:229)
	at org.junit.runners.ParentRunner.run(ParentRunner.java:309)
	at org.apache.maven.surefire.junit4.JUnit4Provider.execute(JUnit4Provider.java:252)
	at org.apache.maven.surefire.junit4.JUnit4Provider.executeTestSet(JUnit4Provider.java:141)
	at org.apache.maven.surefire.junit4.JUnit4Provider.invoke(JUnit4Provider.java:112)
	at sun.reflect.NativeMethodAccessorImpl.invoke0(Native Method)
	at sun.reflect.NativeMethodAccessorImpl.invoke(NativeMethodAccessorImpl.java:62)
	at sun.reflect.DelegatingMethodAccessorImpl.invoke(DelegatingMethodAccessorImpl.java:43)
	at java.lang.reflect.Method.invoke(Method.java:483)
	at org.apache.maven.surefire.util.ReflectionUtils.invokeMethodWithArray(ReflectionUtils.java:189)
	at org.apache.maven.surefire.booter.ProviderFactory$ProviderProxy.invoke(ProviderFactory.java:165)
	at org.apache.maven.surefire.booter.ProviderFactory.invokeProvider(ProviderFactory.java:85)
	at org.apache.maven.surefire.booter.ForkedBooter.runSuitesInProcess(ForkedBooter.java:115)
	at org.apache.maven.surefire.booter.ForkedBooter.main(ForkedBooter.java:75)
Caused by: com.mysql.jdbc.exceptions.jdbc4.MySQLSyntaxErrorException: Table 'documents.testdocuments' doesn't exist
	at sun.reflect.NativeConstructorAccessorImpl.newInstance0(Native Method)
	at sun.reflect.NativeConstructorAccessorImpl.newInstance(NativeConstructorAccessorImpl.java:62)
	at sun.reflect.DelegatingConstructorAccessorImpl.newInstance(DelegatingConstructorAccessorImpl.java:45)
	at java.lang.reflect.Constructor.newInstance(Constructor.java:408)
	at com.mysql.jdbc.Util.handleNewInstance(Util.java:411)
	at com.mysql.jdbc.Util.getInstance(Util.java:386)
	at com.mysql.jdbc.SQLError.createSQLException(SQLError.java:1052)
	at com.mysql.jdbc.MysqlIO.checkErrorPacket(MysqlIO.java:3609)
	at com.mysql.jdbc.MysqlIO.checkErrorPacket(MysqlIO.java:3541)
	at com.mysql.jdbc.MysqlIO.sendCommand(MysqlIO.java:2002)
	at com.mysql.jdbc.MysqlIO.sqlQueryDirect(MysqlIO.java:2163)
	at com.mysql.jdbc.ConnectionImpl.execSQL(ConnectionImpl.java:2618)
	at com.mysql.jdbc.ConnectionImpl.execSQL(ConnectionImpl.java:2568)
	at com.mysql.jdbc.StatementImpl.executeQuery(StatementImpl.java:1557)
	at de.uniheidelberg.cl.a10.data2.io.DBDocument.getXMLStreamForId(DBDocument.java:41)
	... 38 more

